Arguments: 
  /usr/local/bin/node /usr/local/bin/yarn --force

PATH: 
  /opt/homebrew/bin:/opt/homebrew/sbin:/usr/local/bin:/usr/bin:/bin:/usr/sbin:/sbin:/Library/Apple/usr/bin

Yarn version: 
  1.22.17

Node version: 
  16.13.0

Platform: 
  darwin arm64

Trace: 
  SyntaxError: /Users/hugo/repos/wordleee/package.json: Unexpected token } in JSON at position 683
      at JSON.parse (<anonymous>)
      at /usr/local/lib/node_modules/yarn/lib/cli.js:1625:59
      at Generator.next (<anonymous>)
      at step (/usr/local/lib/node_modules/yarn/lib/cli.js:310:30)
      at /usr/local/lib/node_modules/yarn/lib/cli.js:321:13

npm manifest: 
  {
  	"name": "wordleee",
  	"version": "0.0.0",
  	"license": "MIT",
  	"bin": "dist/cli.js",
  	"engines": {
  		"node": ">=10"
  	},
  	"scripts": {
  		"build": "tsc && chmod +x dist/cli.js",
  		"watch": "tsc --watch"
  	},
  	"files": [
  		"dist/cli.js"
  	],
  	"np": {
  		"contents": "dist"
  	},
  	"dependencies": {
  		"ink": "^3.2.0",
  		"ink-big-text": "^1.2.0",
  		"react": "^17.0.2"
  	},
  	"devDependencies": {
  		"@types/ink-big-text": "^1.2.1",
  		"@ava/typescript": "^3.0.1",
  		"@sindresorhus/tsconfig": "^2.0.0",
  		"@types/react": "^17.0.39",
  		"chalk": "^4.1.2",
  		"eslint-config-xo-react": "^0.26.0",
  		"eslint-plugin-react": "^7.29.0",
  		"eslint-plugin-react-hooks": "^4.3.0",
  		"typescript": "^4.5.5",
  	}
  }

yarn manifest: 
  No manifest

Lockfile: 
  No lockfile
